0 info it worked if it ends with ok
1 verbose cli [ 'node', '/usr/local/bin/npm', 'owner', 'ls', 'shoppingcart' ]
2 info using npm@1.4.28
3 info using node@v0.10.32
4 verbose request where is /shoppingcart
5 verbose request registry https://registry.npmjs.org/
6 verbose request id abbddba0f2a3db77
7 verbose url raw /shoppingcart
8 verbose url resolving [ 'https://registry.npmjs.org/', './shoppingcart' ]
9 verbose url resolved https://registry.npmjs.org/shoppingcart
10 verbose request where is https://registry.npmjs.org/shoppingcart
11 info trying registry request attempt 1 at 14:37:53
12 http GET https://registry.npmjs.org/shoppingcart
13 http 404 https://registry.npmjs.org/shoppingcart
14 verbose headers { date: 'Wed, 01 Oct 2014 13:37:54 GMT',
14 verbose headers   server: 'CouchDB/1.5.0 (Erlang OTP/R16B03)',
14 verbose headers   'content-type': 'application/json',
14 verbose headers   'cache-control': 'max-age=0',
14 verbose headers   'content-length': '52',
14 verbose headers   'accept-ranges': 'bytes',
14 verbose headers   via: '1.1 varnish',
14 verbose headers   age: '0',
14 verbose headers   'x-served-by': 'cache-fra1230-FRA',
14 verbose headers   'x-cache': 'MISS',
14 verbose headers   'x-cache-hits': '0',
14 verbose headers   'x-timer': 'S1412170673.814898,VS0,VE455',
14 verbose headers   'keep-alive': 'timeout=10, max=50',
14 verbose headers   connection: 'Keep-Alive' }
15 silly registry.get cb [ 404,
15 silly registry.get   { date: 'Wed, 01 Oct 2014 13:37:54 GMT',
15 silly registry.get     server: 'CouchDB/1.5.0 (Erlang OTP/R16B03)',
15 silly registry.get     'content-type': 'application/json',
15 silly registry.get     'cache-control': 'max-age=0',
15 silly registry.get     'content-length': '52',
15 silly registry.get     'accept-ranges': 'bytes',
15 silly registry.get     via: '1.1 varnish',
15 silly registry.get     age: '0',
15 silly registry.get     'x-served-by': 'cache-fra1230-FRA',
15 silly registry.get     'x-cache': 'MISS',
15 silly registry.get     'x-cache-hits': '0',
15 silly registry.get     'x-timer': 'S1412170673.814898,VS0,VE455',
15 silly registry.get     'keep-alive': 'timeout=10, max=50',
15 silly registry.get     connection: 'Keep-Alive' } ]
16 error owner ls Couldn't get owner data shoppingcart
17 error 404 404 Not Found: shoppingcart
17 error 404
17 error 404 'shoppingcart' is not in the npm registry.
17 error 404 You should bug the author to publish it
17 error 404
17 error 404 Note that you can also install from a
17 error 404 tarball, folder, or http url, or git url.
18 error System Darwin 13.3.0
19 error command "node" "/usr/local/bin/npm" "owner" "ls" "shoppingcart"
20 error cwd /Users/meg/Dropbox/aftermakers/deloitte-yeoman
21 error node -v v0.10.32
22 error npm -v 1.4.28
23 error code E404
24 verbose exit [ 1, true ]
